2020-01-12 04:31:12.272  INFO 1813 --- [restartedMain] edu.ufp.nk.ws1.WebService1               : Starting WebService1 on nkpc with PID 1813 (/home/nk/Desktop/Projects/EngenhariaSoftware/ws1/target/classes started by nk in /home/nk/Desktop/Projects/EngenhariaSoftware/ws1)
2020-01-12 04:31:12.274 DEBUG 1813 --- [restartedMain] edu.ufp.nk.ws1.WebService1               : Running with Spring Boot v2.1.8.RELEASE, Spring v5.1.9.RELEASE
2020-01-12 04:31:12.289  INFO 1813 --- [restartedMain] edu.ufp.nk.ws1.WebService1               : No active profile set, falling back to default profiles: default
2020-01-12 04:31:14.608 DEBUG 1813 --- [restartedMain] o.s.web.context.ContextLoader            : Published root WebApplicationContext as ServletContext attribute with name [org.springframework.web.context.WebApplicationContext.ROOT]
2020-01-12 04:31:14.609  INFO 1813 --- [restartedMain] o.s.web.context.ContextLoader            : Root WebApplicationContext: initialization completed in 2264 ms
2020-01-12 04:31:16.919 DEBUG 1813 --- [restartedMain] o.s.w.s.handler.SimpleUrlHandlerMapping  : Patterns [/**/favicon.ico] in 'faviconHandlerMapping'
2020-01-12 04:31:17.110 DEBUG 1813 --- [restartedMain] s.w.s.m.m.a.RequestMappingHandlerAdapter : ControllerAdvice beans: 0 @ModelAttribute, 0 @InitBinder, 1 RequestBodyAdvice, 1 ResponseBodyAdvice
2020-01-12 04:31:17.133  WARN 1813 --- [restartedMain] aWebConfiguration$JpaWebMvcConfiguration : spring.jpa.open-in-view is enabled by default. Therefore, database queries may be performed during view rendering. Explicitly configure spring.jpa.open-in-view to disable this warning
2020-01-12 04:31:17.172 DEBUG 1813 --- [restartedMain] s.w.s.m.m.a.RequestMappingHandlerMapping : 31 mappings in 'requestMappingHandlerMapping'
2020-01-12 04:31:17.187 DEBUG 1813 --- [restartedMain] o.s.w.s.handler.SimpleUrlHandlerMapping  : Patterns [/webjars/**, /**] in 'resourceHandlerMapping'
2020-01-12 04:31:17.196 DEBUG 1813 --- [restartedMain] .m.m.a.ExceptionHandlerExceptionResolver : ControllerAdvice beans: 0 @ExceptionHandler, 1 ResponseBodyAdvice
2020-01-12 04:31:17.694  INFO 1813 --- [restartedMain] edu.ufp.nk.ws1.WebService1               : Started WebService1 in 6.225 seconds (JVM running for 7.802)
2020-01-12 04:31:18.311  INFO 1813 --- [RMI TCP Connection(6)-127.0.0.1] o.s.web.servlet.DispatcherServlet        : Initializing Servlet 'dispatcherServlet'
2020-01-12 04:31:18.318 DEBUG 1813 --- [RMI TCP Connection(6)-127.0.0.1] o.s.web.servlet.DispatcherServlet        : Detected StandardServletMultipartResolver
2020-01-12 04:31:18.384 DEBUG 1813 --- [RMI TCP Connection(6)-127.0.0.1] o.s.web.servlet.DispatcherServlet        : enableLoggingRequestDetails='false': request parameters and headers will be masked to prevent unsafe logging of potentially sensitive data
2020-01-12 04:31:18.388  INFO 1813 --- [RMI TCP Connection(6)-127.0.0.1] o.s.web.servlet.DispatcherServlet        : Completed initialization in 70 ms
2020-01-12 04:31:41.606 DEBUG 1813 --- [http-nio-8081-exec-2] o.s.web.servlet.DispatcherServlet        : POST "/explainer", parameters={}
2020-01-12 04:31:41.612 DEBUG 1813 --- [http-nio-8081-exec-2] s.w.s.m.m.a.RequestMappingHandlerMapping : Mapped to public org.springframework.http.ResponseEntity<edu.ufp.nk.ws1.models.Explainer> edu.ufp.nk.ws1.controllers.ExplainerController.createExplainer(edu.ufp.nk.ws1.models.Explainer)
2020-01-12 04:31:41.670 DEBUG 1813 --- [http-nio-8081-exec-2] m.m.a.RequestResponseBodyMethodProcessor : Read "application/json;charset=UTF-8" to [Explainer(name=Nikos Perris, degree=null, availabilities=[])]
2020-01-12 04:31:41.680  INFO 1813 --- [http-nio-8081-exec-2] e.u.n.w.controllers.ExplainerController  : Received a post request
2020-01-12 04:31:41.781 DEBUG 1813 --- [http-nio-8081-exec-2] o.s.w.s.m.m.a.HttpEntityMethodProcessor  : Using 'application/json', given [*/*] and supported [application/json]
2020-01-12 04:31:41.783 DEBUG 1813 --- [http-nio-8081-exec-2] o.s.w.s.m.m.a.HttpEntityMethodProcessor  : Writing [Explainer(name=Nikos Perris, degree=null, availabilities=[])]
2020-01-12 04:31:41.801 DEBUG 1813 --- [http-nio-8081-exec-2] o.s.web.servlet.DispatcherServlet        : Completed 200 OK
2020-01-12 04:31:51.317 DEBUG 1813 --- [http-nio-8081-exec-3] o.s.web.servlet.DispatcherServlet        : PUT "/explainer/Enfermagem", parameters={}
2020-01-12 04:31:51.319 DEBUG 1813 --- [http-nio-8081-exec-3] s.w.s.m.m.a.RequestMappingHandlerMapping : Mapped to public org.springframework.http.ResponseEntity<edu.ufp.nk.ws1.models.Explainer> edu.ufp.nk.ws1.controllers.ExplainerController.addDegree(java.lang.String,edu.ufp.nk.ws1.models.Explainer)
2020-01-12 04:31:51.322 DEBUG 1813 --- [http-nio-8081-exec-3] m.m.a.RequestResponseBodyMethodProcessor : Read "application/json;charset=UTF-8" to [Explainer(name=Nikos Perris, degree=null, availabilities=[])]
2020-01-12 04:31:51.322  INFO 1813 --- [http-nio-8081-exec-3] e.u.n.w.controllers.ExplainerController  : Received a put request
2020-01-12 04:31:51.366 DEBUG 1813 --- [http-nio-8081-exec-3] o.s.w.s.m.m.a.HttpEntityMethodProcessor  : Using 'application/json', given [*/*] and supported [application/json]
2020-01-12 04:31:51.369 DEBUG 1813 --- [http-nio-8081-exec-3] o.s.w.s.m.m.a.HttpEntityMethodProcessor  : Writing [Explainer(name=Nikos Perris, degree=Degree(name=Enfermagem), availabilities=[])]
2020-01-12 04:31:51.372 DEBUG 1813 --- [http-nio-8081-exec-3] o.s.web.servlet.DispatcherServlet        : Completed 200 OK
2020-01-12 04:32:03.135 DEBUG 1813 --- [http-nio-8081-exec-4] o.s.web.servlet.DispatcherServlet        : PUT "/explainer/", parameters={}
2020-01-12 04:32:03.137 DEBUG 1813 --- [http-nio-8081-exec-4] s.w.s.m.m.a.RequestMappingHandlerMapping : Mapped to public org.springframework.http.ResponseEntity<edu.ufp.nk.ws1.models.Explainer> edu.ufp.nk.ws1.controllers.ExplainerController.createAvailability(edu.ufp.nk.ws1.models.Availability)
2020-01-12 04:32:03.141 DEBUG 1813 --- [http-nio-8081-exec-4] m.m.a.RequestResponseBodyMethodProcessor : Read "application/json;charset=UTF-8" to [Availability(start=15:30, end=17:30, day=null)]
2020-01-12 04:32:03.142  INFO 1813 --- [http-nio-8081-exec-4] e.u.n.w.controllers.ExplainerController  : Received a put request
2020-01-12 04:32:03.147  WARN 1813 --- [http-nio-8081-exec-4] .w.s.m.a.ResponseStatusExceptionResolver : Resolved [edu.ufp.nk.ws1.controllers.ExplainerController$NoExplainerException: No such explainer]
2020-01-12 04:32:03.148 DEBUG 1813 --- [http-nio-8081-exec-4] o.s.web.servlet.DispatcherServlet        : Completed 404 NOT_FOUND
2020-01-12 04:32:03.152 DEBUG 1813 --- [http-nio-8081-exec-4] o.s.web.servlet.DispatcherServlet        : "ERROR" dispatch for PUT "/error", parameters={}
2020-01-12 04:32:03.154 DEBUG 1813 --- [http-nio-8081-exec-4] s.w.s.m.m.a.RequestMappingHandlerMapping : Mapped to public org.springframework.http.ResponseEntity<java.util.Map<java.lang.String, java.lang.Object>> org.springframework.boot.autoconfigure.web.servlet.error.BasicErrorController.error(javax.servlet.http.HttpServletRequest)
2020-01-12 04:32:03.159 DEBUG 1813 --- [http-nio-8081-exec-4] o.s.w.s.m.m.a.HttpEntityMethodProcessor  : Using 'application/json', given [*/*] and supported [application/json, application/*+json, application/json, application/*+json]
2020-01-12 04:32:03.160 DEBUG 1813 --- [http-nio-8081-exec-4] o.s.w.s.m.m.a.HttpEntityMethodProcessor  : Writing [{timestamp=Sun Jan 12 04:32:03 WET 2020, status=404, error=Not Found, message=No such explainer, tra (truncated)...]
2020-01-12 04:32:03.163 DEBUG 1813 --- [http-nio-8081-exec-4] o.s.web.servlet.DispatcherServlet        : Exiting from "ERROR" dispatch, status 404
2020-01-12 04:32:28.264 DEBUG 1813 --- [http-nio-8081-exec-5] o.s.web.servlet.DispatcherServlet        : PUT "/explainer/", parameters={}
2020-01-12 04:32:28.265 DEBUG 1813 --- [http-nio-8081-exec-5] s.w.s.m.m.a.RequestMappingHandlerMapping : Mapped to public org.springframework.http.ResponseEntity<edu.ufp.nk.ws1.models.Explainer> edu.ufp.nk.ws1.controllers.ExplainerController.createAvailability(edu.ufp.nk.ws1.models.Availability)
2020-01-12 04:32:28.266 DEBUG 1813 --- [http-nio-8081-exec-5] m.m.a.RequestResponseBodyMethodProcessor : Read "application/json;charset=UTF-8" to [Availability(start=15:30, end=17:30, day=null)]
2020-01-12 04:32:28.266  INFO 1813 --- [http-nio-8081-exec-5] e.u.n.w.controllers.ExplainerController  : Received a put request
2020-01-12 04:32:28.297 DEBUG 1813 --- [http-nio-8081-exec-5] o.s.w.s.m.m.a.HttpEntityMethodProcessor  : Using 'application/json', given [*/*] and supported [application/json]
2020-01-12 04:32:28.298 DEBUG 1813 --- [http-nio-8081-exec-5] o.s.w.s.m.m.a.HttpEntityMethodProcessor  : Writing [Explainer(name=Nikos Perris, degree=Degree(name=Enfermagem), availabilities=[Availability(start=15:3 (truncated)...]
2020-01-12 04:32:28.302 DEBUG 1813 --- [http-nio-8081-exec-5] o.s.web.servlet.DispatcherServlet        : Completed 200 OK
2020-01-12 04:33:07.622 DEBUG 1813 --- [http-nio-8081-exec-6] o.s.web.servlet.DispatcherServlet        : GET "/explainer?name=Nikos%20Perris&start=16", parameters={masked}
2020-01-12 04:33:07.622 DEBUG 1813 --- [http-nio-8081-exec-6] s.w.s.m.m.a.RequestMappingHandlerMapping : Mapped to public org.springframework.http.ResponseEntity<java.lang.Iterable<edu.ufp.nk.ws1.models.Explainer>> edu.ufp.nk.ws1.controllers.ExplainerController.searchExplainers(java.util.Map<java.lang.String, java.lang.String>)
2020-01-12 04:33:07.655 DEBUG 1813 --- [http-nio-8081-exec-6] o.s.w.s.m.m.a.HttpEntityMethodProcessor  : Using 'application/json', given [*/*] and supported [application/json, application/*+json, application/json, application/*+json]
2020-01-12 04:33:07.655 DEBUG 1813 --- [http-nio-8081-exec-6] o.s.w.s.m.m.a.HttpEntityMethodProcessor  : Writing [[Explainer(name=Nikos Perris, degree=Degree(name=Enfermagem), availabilities=[Availability(start=15: (truncated)...]
2020-01-12 04:33:07.657 DEBUG 1813 --- [http-nio-8081-exec-6] o.s.web.servlet.DispatcherServlet        : Completed 200 OK
2020-01-12 04:33:18.825 DEBUG 1813 --- [http-nio-8081-exec-7] o.s.web.servlet.DispatcherServlet        : GET "/explainer?name=Nikos%20Perris&end=15", parameters={masked}
2020-01-12 04:33:18.826 DEBUG 1813 --- [http-nio-8081-exec-7] s.w.s.m.m.a.RequestMappingHandlerMapping : Mapped to public org.springframework.http.ResponseEntity<java.lang.Iterable<edu.ufp.nk.ws1.models.Explainer>> edu.ufp.nk.ws1.controllers.ExplainerController.searchExplainers(java.util.Map<java.lang.String, java.lang.String>)
2020-01-12 04:33:18.829 DEBUG 1813 --- [http-nio-8081-exec-7] o.s.w.s.m.m.a.HttpEntityMethodProcessor  : Using 'application/json', given [*/*] and supported [application/json, application/*+json, application/json, application/*+json]
2020-01-12 04:33:18.830 DEBUG 1813 --- [http-nio-8081-exec-7] o.s.w.s.m.m.a.HttpEntityMethodProcessor  : Writing [[Explainer(name=Nikos Perris, degree=Degree(name=Enfermagem), availabilities=[Availability(start=15: (truncated)...]
2020-01-12 04:33:18.833 DEBUG 1813 --- [http-nio-8081-exec-7] o.s.web.servlet.DispatcherServlet        : Completed 200 OK
2020-01-12 04:33:23.542 DEBUG 1813 --- [http-nio-8081-exec-8] o.s.web.servlet.DispatcherServlet        : GET "/explainer?end=15", parameters={masked}
2020-01-12 04:33:23.543 DEBUG 1813 --- [http-nio-8081-exec-8] s.w.s.m.m.a.RequestMappingHandlerMapping : Mapped to public org.springframework.http.ResponseEntity<java.lang.Iterable<edu.ufp.nk.ws1.models.Explainer>> edu.ufp.nk.ws1.controllers.ExplainerController.searchExplainers(java.util.Map<java.lang.String, java.lang.String>)
2020-01-12 04:33:23.553 DEBUG 1813 --- [http-nio-8081-exec-8] o.s.w.s.m.m.a.HttpEntityMethodProcessor  : Using 'application/json', given [*/*] and supported [application/json, application/*+json, application/json, application/*+json]
2020-01-12 04:33:23.554 DEBUG 1813 --- [http-nio-8081-exec-8] o.s.w.s.m.m.a.HttpEntityMethodProcessor  : Writing [[Explainer(name=Nikos Perris, degree=Degree(name=Enfermagem), availabilities=[Availability(start=15: (truncated)...]
2020-01-12 04:33:23.557 DEBUG 1813 --- [http-nio-8081-exec-8] o.s.web.servlet.DispatcherServlet        : Completed 200 OK
2020-01-12 04:33:49.465 DEBUG 1813 --- [http-nio-8081-exec-9] o.s.web.servlet.DispatcherServlet        : GET "/explainer?end=15:00", parameters={masked}
2020-01-12 04:33:49.466 DEBUG 1813 --- [http-nio-8081-exec-9] s.w.s.m.m.a.RequestMappingHandlerMapping : Mapped to public org.springframework.http.ResponseEntity<java.lang.Iterable<edu.ufp.nk.ws1.models.Explainer>> edu.ufp.nk.ws1.controllers.ExplainerController.searchExplainers(java.util.Map<java.lang.String, java.lang.String>)
2020-01-12 04:33:49.481 DEBUG 1813 --- [http-nio-8081-exec-9] o.s.w.s.m.m.a.HttpEntityMethodProcessor  : Using 'application/json', given [*/*] and supported [application/json, application/*+json, application/json, application/*+json]
2020-01-12 04:33:49.482 DEBUG 1813 --- [http-nio-8081-exec-9] o.s.w.s.m.m.a.HttpEntityMethodProcessor  : Writing [[]]
2020-01-12 04:33:49.491 DEBUG 1813 --- [http-nio-8081-exec-9] o.s.web.servlet.DispatcherServlet        : Completed 200 OK
2020-01-12 04:33:55.289 DEBUG 1813 --- [http-nio-8081-exec-10] o.s.web.servlet.DispatcherServlet        : GET "/explainer?start=16:00", parameters={masked}
2020-01-12 04:33:55.289 DEBUG 1813 --- [http-nio-8081-exec-10] s.w.s.m.m.a.RequestMappingHandlerMapping : Mapped to public org.springframework.http.ResponseEntity<java.lang.Iterable<edu.ufp.nk.ws1.models.Explainer>> edu.ufp.nk.ws1.controllers.ExplainerController.searchExplainers(java.util.Map<java.lang.String, java.lang.String>)
2020-01-12 04:33:55.292 DEBUG 1813 --- [http-nio-8081-exec-10] o.s.w.s.m.m.a.HttpEntityMethodProcessor  : Using 'application/json', given [*/*] and supported [application/json, application/*+json, application/json, application/*+json]
2020-01-12 04:33:55.292 DEBUG 1813 --- [http-nio-8081-exec-10] o.s.w.s.m.m.a.HttpEntityMethodProcessor  : Writing [[]]
2020-01-12 04:33:55.293 DEBUG 1813 --- [http-nio-8081-exec-10] o.s.web.servlet.DispatcherServlet        : Completed 200 OK
2020-01-12 04:34:00.506 DEBUG 1813 --- [http-nio-8081-exec-1] o.s.web.servlet.DispatcherServlet        : GET "/explainer?name=Nikos%20Perris&start=16:00", parameters={masked}
2020-01-12 04:34:00.507 DEBUG 1813 --- [http-nio-8081-exec-1] s.w.s.m.m.a.RequestMappingHandlerMapping : Mapped to public org.springframework.http.ResponseEntity<java.lang.Iterable<edu.ufp.nk.ws1.models.Explainer>> edu.ufp.nk.ws1.controllers.ExplainerController.searchExplainers(java.util.Map<java.lang.String, java.lang.String>)
2020-01-12 04:34:00.512 DEBUG 1813 --- [http-nio-8081-exec-1] o.s.w.s.m.m.a.HttpEntityMethodProcessor  : Using 'application/json', given [*/*] and supported [application/json, application/*+json, application/json, application/*+json]
2020-01-12 04:34:00.512 DEBUG 1813 --- [http-nio-8081-exec-1] o.s.w.s.m.m.a.HttpEntityMethodProcessor  : Writing [[]]
2020-01-12 04:34:00.513 DEBUG 1813 --- [http-nio-8081-exec-1] o.s.web.servlet.DispatcherServlet        : Completed 200 OK
2020-01-12 04:34:02.823 DEBUG 1813 --- [http-nio-8081-exec-2] o.s.web.servlet.DispatcherServlet        : GET "/explainer?name=Nikos%20Perris", parameters={masked}
2020-01-12 04:34:02.824 DEBUG 1813 --- [http-nio-8081-exec-2] s.w.s.m.m.a.RequestMappingHandlerMapping : Mapped to public org.springframework.http.ResponseEntity<java.lang.Iterable<edu.ufp.nk.ws1.models.Explainer>> edu.ufp.nk.ws1.controllers.ExplainerController.searchExplainers(java.util.Map<java.lang.String, java.lang.String>)
2020-01-12 04:34:02.834 DEBUG 1813 --- [http-nio-8081-exec-2] o.s.w.s.m.m.a.HttpEntityMethodProcessor  : Using 'application/json', given [*/*] and supported [application/json, application/*+json, application/json, application/*+json]
2020-01-12 04:34:02.834 DEBUG 1813 --- [http-nio-8081-exec-2] o.s.w.s.m.m.a.HttpEntityMethodProcessor  : Writing [[Explainer(name=Nikos Perris, degree=Degree(name=Enfermagem), availabilities=[Availability(start=15: (truncated)...]
2020-01-12 04:34:02.836 DEBUG 1813 --- [http-nio-8081-exec-2] o.s.web.servlet.DispatcherServlet        : Completed 200 OK
2020-01-12 04:35:31.325  WARN 1813 --- [Thread-8] o.s.b.f.support.DisposableBeanAdapter    : Invocation of destroy method failed on bean with name 'inMemoryDatabaseShutdownExecutor': org.h2.jdbc.JdbcSQLNonTransientConnectionException: Database is already closed (to disable automatic closing at VM shutdown, add ";DB_CLOSE_ON_EXIT=FALSE" to the db URL) [90121-199]
2020-01-12 04:35:38.072  INFO 2210 --- [restartedMain] edu.ufp.nk.ws1.WebService1               : Starting WebService1 on nkpc with PID 2210 (/home/nk/Desktop/Projects/EngenhariaSoftware/ws1/target/classes started by nk in /home/nk/Desktop/Projects/EngenhariaSoftware/ws1)
2020-01-12 04:35:38.074 DEBUG 2210 --- [restartedMain] edu.ufp.nk.ws1.WebService1               : Running with Spring Boot v2.1.8.RELEASE, Spring v5.1.9.RELEASE
2020-01-12 04:35:38.075  INFO 2210 --- [restartedMain] edu.ufp.nk.ws1.WebService1               : No active profile set, falling back to default profiles: default
2020-01-12 04:35:39.797 DEBUG 2210 --- [restartedMain] o.s.web.context.ContextLoader            : Published root WebApplicationContext as ServletContext attribute with name [org.springframework.web.context.WebApplicationContext.ROOT]
2020-01-12 04:35:39.798  INFO 2210 --- [restartedMain] o.s.web.context.ContextLoader            : Root WebApplicationContext: initialization completed in 1636 ms
2020-01-12 04:35:41.628 DEBUG 2210 --- [restartedMain] o.s.w.s.handler.SimpleUrlHandlerMapping  : Patterns [/**/favicon.ico] in 'faviconHandlerMapping'
2020-01-12 04:35:41.818 DEBUG 2210 --- [restartedMain] s.w.s.m.m.a.RequestMappingHandlerAdapter : ControllerAdvice beans: 0 @ModelAttribute, 0 @InitBinder, 1 RequestBodyAdvice, 1 ResponseBodyAdvice
2020-01-12 04:35:41.840  WARN 2210 --- [restartedMain] aWebConfiguration$JpaWebMvcConfiguration : spring.jpa.open-in-view is enabled by default. Therefore, database queries may be performed during view rendering. Explicitly configure spring.jpa.open-in-view to disable this warning
2020-01-12 04:35:41.883 DEBUG 2210 --- [restartedMain] s.w.s.m.m.a.RequestMappingHandlerMapping : 31 mappings in 'requestMappingHandlerMapping'
2020-01-12 04:35:41.900 DEBUG 2210 --- [restartedMain] o.s.w.s.handler.SimpleUrlHandlerMapping  : Patterns [/webjars/**, /**] in 'resourceHandlerMapping'
2020-01-12 04:35:41.907 DEBUG 2210 --- [restartedMain] .m.m.a.ExceptionHandlerExceptionResolver : ControllerAdvice beans: 0 @ExceptionHandler, 1 ResponseBodyAdvice
2020-01-12 04:35:42.352  INFO 2210 --- [restartedMain] edu.ufp.nk.ws1.WebService1               : Started WebService1 in 4.865 seconds (JVM running for 5.996)
2020-01-12 04:35:42.681  INFO 2210 --- [RMI TCP Connection(1)-127.0.0.1] o.s.web.servlet.DispatcherServlet        : Initializing Servlet 'dispatcherServlet'
2020-01-12 04:35:42.696 DEBUG 2210 --- [RMI TCP Connection(1)-127.0.0.1] o.s.web.servlet.DispatcherServlet        : Detected StandardServletMultipartResolver
2020-01-12 04:35:42.742 DEBUG 2210 --- [RMI TCP Connection(1)-127.0.0.1] o.s.web.servlet.DispatcherServlet        : enableLoggingRequestDetails='false': request parameters and headers will be masked to prevent unsafe logging of potentially sensitive data
2020-01-12 04:35:42.742  INFO 2210 --- [RMI TCP Connection(1)-127.0.0.1] o.s.web.servlet.DispatcherServlet        : Completed initialization in 46 ms
2020-01-12 04:35:53.302 DEBUG 2210 --- [http-nio-8081-exec-2] o.s.web.servlet.DispatcherServlet        : POST "/explainer", parameters={}
2020-01-12 04:35:53.308 DEBUG 2210 --- [http-nio-8081-exec-2] s.w.s.m.m.a.RequestMappingHandlerMapping : Mapped to public org.springframework.http.ResponseEntity<edu.ufp.nk.ws1.models.Explainer> edu.ufp.nk.ws1.controllers.ExplainerController.createExplainer(edu.ufp.nk.ws1.models.Explainer)
2020-01-12 04:35:53.352 DEBUG 2210 --- [http-nio-8081-exec-2] m.m.a.RequestResponseBodyMethodProcessor : Read "application/json;charset=UTF-8" to [Explainer(name=Nikos Perris, degree=null, availabilities=[])]
2020-01-12 04:35:53.358  INFO 2210 --- [http-nio-8081-exec-2] e.u.n.w.controllers.ExplainerController  : Received a post request
2020-01-12 04:35:53.569 DEBUG 2210 --- [http-nio-8081-exec-2] o.s.w.s.m.m.a.HttpEntityMethodProcessor  : Using 'application/json', given [*/*] and supported [application/json]
2020-01-12 04:35:53.571 DEBUG 2210 --- [http-nio-8081-exec-2] o.s.w.s.m.m.a.HttpEntityMethodProcessor  : Writing [Explainer(name=Nikos Perris, degree=null, availabilities=[])]
2020-01-12 04:35:53.602 DEBUG 2210 --- [http-nio-8081-exec-2] o.s.web.servlet.DispatcherServlet        : Completed 200 OK
2020-01-12 04:35:58.371 DEBUG 2210 --- [http-nio-8081-exec-3] o.s.web.servlet.DispatcherServlet        : PUT "/explainer/Enfermagem", parameters={}
2020-01-12 04:35:58.373 DEBUG 2210 --- [http-nio-8081-exec-3] s.w.s.m.m.a.RequestMappingHandlerMapping : Mapped to public org.springframework.http.ResponseEntity<edu.ufp.nk.ws1.models.Explainer> edu.ufp.nk.ws1.controllers.ExplainerController.addDegree(java.lang.String,edu.ufp.nk.ws1.models.Explainer)
2020-01-12 04:35:58.379 DEBUG 2210 --- [http-nio-8081-exec-3] m.m.a.RequestResponseBodyMethodProcessor : Read "application/json;charset=UTF-8" to [Explainer(name=Nikos Perris, degree=null, availabilities=[])]
2020-01-12 04:35:58.379  INFO 2210 --- [http-nio-8081-exec-3] e.u.n.w.controllers.ExplainerController  : Received a put request
2020-01-12 04:35:58.400 DEBUG 2210 --- [http-nio-8081-exec-3] o.s.w.s.m.m.a.HttpEntityMethodProcessor  : Using 'application/json', given [*/*] and supported [application/json]
2020-01-12 04:35:58.404 DEBUG 2210 --- [http-nio-8081-exec-3] o.s.w.s.m.m.a.HttpEntityMethodProcessor  : Writing [Explainer(name=Nikos Perris, degree=Degree(name=Enfermagem), availabilities=[])]
2020-01-12 04:35:58.415 DEBUG 2210 --- [http-nio-8081-exec-3] o.s.web.servlet.DispatcherServlet        : Completed 200 OK
2020-01-12 04:36:00.216 DEBUG 2210 --- [http-nio-8081-exec-4] o.s.web.servlet.DispatcherServlet        : PUT "/explainer/", parameters={}
2020-01-12 04:36:00.218 DEBUG 2210 --- [http-nio-8081-exec-4] s.w.s.m.m.a.RequestMappingHandlerMapping : Mapped to public org.springframework.http.ResponseEntity<edu.ufp.nk.ws1.models.Explainer> edu.ufp.nk.ws1.controllers.ExplainerController.createAvailability(edu.ufp.nk.ws1.models.Availability)
2020-01-12 04:36:00.227 DEBUG 2210 --- [http-nio-8081-exec-4] m.m.a.RequestResponseBodyMethodProcessor : Read "application/json;charset=UTF-8" to [Availability(start=15:30, end=17:30, day=null)]
2020-01-12 04:36:00.227  INFO 2210 --- [http-nio-8081-exec-4] e.u.n.w.controllers.ExplainerController  : Received a put request
2020-01-12 04:36:00.244 DEBUG 2210 --- [http-nio-8081-exec-4] o.s.w.s.m.m.a.HttpEntityMethodProcessor  : Using 'application/json', given [*/*] and supported [application/json]
2020-01-12 04:36:00.244 DEBUG 2210 --- [http-nio-8081-exec-4] o.s.w.s.m.m.a.HttpEntityMethodProcessor  : Writing [Explainer(name=Nikos Perris, degree=Degree(name=Enfermagem), availabilities=[Availability(start=15:3 (truncated)...]
2020-01-12 04:36:00.252 DEBUG 2210 --- [http-nio-8081-exec-4] o.s.web.servlet.DispatcherServlet        : Completed 200 OK
2020-01-12 04:36:03.078 DEBUG 2210 --- [http-nio-8081-exec-5] o.s.web.servlet.DispatcherServlet        : GET "/explainer?name=Nikos%20Perris", parameters={masked}
2020-01-12 04:36:03.079 DEBUG 2210 --- [http-nio-8081-exec-5] s.w.s.m.m.a.RequestMappingHandlerMapping : Mapped to public org.springframework.http.ResponseEntity<java.lang.Iterable<edu.ufp.nk.ws1.models.Explainer>> edu.ufp.nk.ws1.controllers.ExplainerController.searchExplainers(java.util.Map<java.lang.String, java.lang.String>)
2020-01-12 04:36:03.132 DEBUG 2210 --- [http-nio-8081-exec-5] o.s.w.s.m.m.a.HttpEntityMethodProcessor  : Using 'application/json', given [*/*] and supported [application/json, application/*+json, application/json, application/*+json]
2020-01-12 04:36:03.133 DEBUG 2210 --- [http-nio-8081-exec-5] o.s.w.s.m.m.a.HttpEntityMethodProcessor  : Writing [[Explainer(name=Nikos Perris, degree=Degree(name=Enfermagem), availabilities=[Availability(start=15: (truncated)...]
2020-01-12 04:36:03.135 DEBUG 2210 --- [http-nio-8081-exec-5] o.s.web.servlet.DispatcherServlet        : Completed 200 OK
2020-01-12 04:36:08.413 DEBUG 2210 --- [http-nio-8081-exec-6] o.s.web.servlet.DispatcherServlet        : GET "/explainer?degree=Enfermagem", parameters={masked}
2020-01-12 04:36:08.414 DEBUG 2210 --- [http-nio-8081-exec-6] s.w.s.m.m.a.RequestMappingHandlerMapping : Mapped to public org.springframework.http.ResponseEntity<java.lang.Iterable<edu.ufp.nk.ws1.models.Explainer>> edu.ufp.nk.ws1.controllers.ExplainerController.searchExplainers(java.util.Map<java.lang.String, java.lang.String>)
2020-01-12 04:36:08.420 DEBUG 2210 --- [http-nio-8081-exec-6] o.s.w.s.m.m.a.HttpEntityMethodProcessor  : Using 'application/json', given [*/*] and supported [application/json, application/*+json, application/json, application/*+json]
2020-01-12 04:36:08.421 DEBUG 2210 --- [http-nio-8081-exec-6] o.s.w.s.m.m.a.HttpEntityMethodProcessor  : Writing [[Explainer(name=Nikos Perris, degree=Degree(name=Enfermagem), availabilities=[Availability(start=15: (truncated)...]
2020-01-12 04:36:08.422 DEBUG 2210 --- [http-nio-8081-exec-6] o.s.web.servlet.DispatcherServlet        : Completed 200 OK
2020-01-12 04:36:13.424 DEBUG 2210 --- [http-nio-8081-exec-7] o.s.web.servlet.DispatcherServlet        : GET "/explainer?start=16:00", parameters={masked}
2020-01-12 04:36:13.425 DEBUG 2210 --- [http-nio-8081-exec-7] s.w.s.m.m.a.RequestMappingHandlerMapping : Mapped to public org.springframework.http.ResponseEntity<java.lang.Iterable<edu.ufp.nk.ws1.models.Explainer>> edu.ufp.nk.ws1.controllers.ExplainerController.searchExplainers(java.util.Map<java.lang.String, java.lang.String>)
2020-01-12 04:36:13.427 DEBUG 2210 --- [http-nio-8081-exec-7] o.s.w.s.m.m.a.HttpEntityMethodProcessor  : Using 'application/json', given [*/*] and supported [application/json, application/*+json, application/json, application/*+json]
2020-01-12 04:36:13.428 DEBUG 2210 --- [http-nio-8081-exec-7] o.s.w.s.m.m.a.HttpEntityMethodProcessor  : Writing [[Explainer(name=Nikos Perris, degree=Degree(name=Enfermagem), availabilities=[Availability(start=15: (truncated)...]
2020-01-12 04:36:13.429 DEBUG 2210 --- [http-nio-8081-exec-7] o.s.web.servlet.DispatcherServlet        : Completed 200 OK
2020-01-12 04:36:19.430 DEBUG 2210 --- [http-nio-8081-exec-8] o.s.web.servlet.DispatcherServlet        : GET "/explainer?end=15:00", parameters={masked}
2020-01-12 04:36:19.432 DEBUG 2210 --- [http-nio-8081-exec-8] s.w.s.m.m.a.RequestMappingHandlerMapping : Mapped to public org.springframework.http.ResponseEntity<java.lang.Iterable<edu.ufp.nk.ws1.models.Explainer>> edu.ufp.nk.ws1.controllers.ExplainerController.searchExplainers(java.util.Map<java.lang.String, java.lang.String>)
2020-01-12 04:36:19.437 DEBUG 2210 --- [http-nio-8081-exec-8] o.s.w.s.m.m.a.HttpEntityMethodProcessor  : Using 'application/json', given [*/*] and supported [application/json, application/*+json, application/json, application/*+json]
2020-01-12 04:36:19.437 DEBUG 2210 --- [http-nio-8081-exec-8] o.s.w.s.m.m.a.HttpEntityMethodProcessor  : Writing [[Explainer(name=Nikos Perris, degree=Degree(name=Enfermagem), availabilities=[Availability(start=15: (truncated)...]
2020-01-12 04:36:19.438 DEBUG 2210 --- [http-nio-8081-exec-8] o.s.web.servlet.DispatcherServlet        : Completed 200 OK
2020-01-12 04:37:42.486  WARN 2210 --- [Thread-8] o.s.b.f.support.DisposableBeanAdapter    : Invocation of destroy method failed on bean with name 'inMemoryDatabaseShutdownExecutor': org.h2.jdbc.JdbcSQLNonTransientConnectionException: Database is already closed (to disable automatic closing at VM shutdown, add ";DB_CLOSE_ON_EXIT=FALSE" to the db URL) [90121-199]
2020-01-12 04:37:47.098  INFO 2515 --- [restartedMain] edu.ufp.nk.ws1.WebService1               : Starting WebService1 on nkpc with PID 2515 (/home/nk/Desktop/Projects/EngenhariaSoftware/ws1/target/classes started by nk in /home/nk/Desktop/Projects/EngenhariaSoftware/ws1)
2020-01-12 04:37:47.101 DEBUG 2515 --- [restartedMain] edu.ufp.nk.ws1.WebService1               : Running with Spring Boot v2.1.8.RELEASE, Spring v5.1.9.RELEASE
2020-01-12 04:37:47.102  INFO 2515 --- [restartedMain] edu.ufp.nk.ws1.WebService1               : No active profile set, falling back to default profiles: default
2020-01-12 04:37:49.989 DEBUG 2515 --- [restartedMain] o.s.web.context.ContextLoader            : Published root WebApplicationContext as ServletContext attribute with name [org.springframework.web.context.WebApplicationContext.ROOT]
2020-01-12 04:37:49.990  INFO 2515 --- [restartedMain] o.s.web.context.ContextLoader            : Root WebApplicationContext: initialization completed in 2823 ms
2020-01-12 04:37:52.728 DEBUG 2515 --- [restartedMain] o.s.w.s.handler.SimpleUrlHandlerMapping  : Patterns [/**/favicon.ico] in 'faviconHandlerMapping'
2020-01-12 04:37:52.972 DEBUG 2515 --- [restartedMain] s.w.s.m.m.a.RequestMappingHandlerAdapter : ControllerAdvice beans: 0 @ModelAttribute, 0 @InitBinder, 1 RequestBodyAdvice, 1 ResponseBodyAdvice
2020-01-12 04:37:53.021  WARN 2515 --- [restartedMain] aWebConfiguration$JpaWebMvcConfiguration : spring.jpa.open-in-view is enabled by default. Therefore, database queries may be performed during view rendering. Explicitly configure spring.jpa.open-in-view to disable this warning
2020-01-12 04:37:53.067 DEBUG 2515 --- [restartedMain] s.w.s.m.m.a.RequestMappingHandlerMapping : 31 mappings in 'requestMappingHandlerMapping'
2020-01-12 04:37:53.105 DEBUG 2515 --- [restartedMain] o.s.w.s.handler.SimpleUrlHandlerMapping  : Patterns [/webjars/**, /**] in 'resourceHandlerMapping'
2020-01-12 04:37:53.119 DEBUG 2515 --- [restartedMain] .m.m.a.ExceptionHandlerExceptionResolver : ControllerAdvice beans: 0 @ExceptionHandler, 1 ResponseBodyAdvice
2020-01-12 04:37:53.662  INFO 2515 --- [restartedMain] edu.ufp.nk.ws1.WebService1               : Started WebService1 in 7.151 seconds (JVM running for 7.97)
2020-01-12 04:37:53.932  INFO 2515 --- [RMI TCP Connection(2)-127.0.0.1] o.s.web.servlet.DispatcherServlet        : Initializing Servlet 'dispatcherServlet'
2020-01-12 04:37:53.937 DEBUG 2515 --- [RMI TCP Connection(2)-127.0.0.1] o.s.web.servlet.DispatcherServlet        : Detected StandardServletMultipartResolver
2020-01-12 04:37:53.957 DEBUG 2515 --- [RMI TCP Connection(2)-127.0.0.1] o.s.web.servlet.DispatcherServlet        : enableLoggingRequestDetails='false': request parameters and headers will be masked to prevent unsafe logging of potentially sensitive data
2020-01-12 04:37:53.957  INFO 2515 --- [RMI TCP Connection(2)-127.0.0.1] o.s.web.servlet.DispatcherServlet        : Completed initialization in 21 ms
2020-01-12 04:38:08.684 DEBUG 2515 --- [http-nio-8081-exec-2] o.s.web.servlet.DispatcherServlet        : POST "/explainer", parameters={}
2020-01-12 04:38:08.696 DEBUG 2515 --- [http-nio-8081-exec-2] s.w.s.m.m.a.RequestMappingHandlerMapping : Mapped to public org.springframework.http.ResponseEntity<edu.ufp.nk.ws1.models.Explainer> edu.ufp.nk.ws1.controllers.ExplainerController.createExplainer(edu.ufp.nk.ws1.models.Explainer)
2020-01-12 04:38:08.866 DEBUG 2515 --- [http-nio-8081-exec-2] m.m.a.RequestResponseBodyMethodProcessor : Read "application/json;charset=UTF-8" to [Explainer(name=Nikos Perris, degree=null, availabilities=[])]
2020-01-12 04:38:08.887  INFO 2515 --- [http-nio-8081-exec-2] e.u.n.w.controllers.ExplainerController  : Received a post request
2020-01-12 04:38:09.091 DEBUG 2515 --- [http-nio-8081-exec-2] o.s.w.s.m.m.a.HttpEntityMethodProcessor  : Using 'application/json', given [*/*] and supported [application/json]
2020-01-12 04:38:09.093 DEBUG 2515 --- [http-nio-8081-exec-2] o.s.w.s.m.m.a.HttpEntityMethodProcessor  : Writing [Explainer(name=Nikos Perris, degree=null, availabilities=[])]
2020-01-12 04:38:09.134 DEBUG 2515 --- [http-nio-8081-exec-2] o.s.web.servlet.DispatcherServlet        : Completed 200 OK
2020-01-12 04:38:11.548 DEBUG 2515 --- [http-nio-8081-exec-3] o.s.web.servlet.DispatcherServlet        : PUT "/explainer/Enfermagem", parameters={}
2020-01-12 04:38:11.550 DEBUG 2515 --- [http-nio-8081-exec-3] s.w.s.m.m.a.RequestMappingHandlerMapping : Mapped to public org.springframework.http.ResponseEntity<edu.ufp.nk.ws1.models.Explainer> edu.ufp.nk.ws1.controllers.ExplainerController.addDegree(java.lang.String,edu.ufp.nk.ws1.models.Explainer)
2020-01-12 04:38:11.555 DEBUG 2515 --- [http-nio-8081-exec-3] m.m.a.RequestResponseBodyMethodProcessor : Read "application/json;charset=UTF-8" to [Explainer(name=Nikos Perris, degree=null, availabilities=[])]
2020-01-12 04:38:11.555  INFO 2515 --- [http-nio-8081-exec-3] e.u.n.w.controllers.ExplainerController  : Received a put request
2020-01-12 04:38:11.602 DEBUG 2515 --- [http-nio-8081-exec-3] o.s.w.s.m.m.a.HttpEntityMethodProcessor  : Using 'application/json', given [*/*] and supported [application/json]
2020-01-12 04:38:11.607 DEBUG 2515 --- [http-nio-8081-exec-3] o.s.w.s.m.m.a.HttpEntityMethodProcessor  : Writing [Explainer(name=Nikos Perris, degree=Degree(name=Enfermagem), availabilities=[])]
2020-01-12 04:38:11.610 DEBUG 2515 --- [http-nio-8081-exec-3] o.s.web.servlet.DispatcherServlet        : Completed 200 OK
2020-01-12 04:38:14.189 DEBUG 2515 --- [http-nio-8081-exec-5] o.s.web.servlet.DispatcherServlet        : PUT "/explainer/", parameters={}
2020-01-12 04:38:14.190 DEBUG 2515 --- [http-nio-8081-exec-5] s.w.s.m.m.a.RequestMappingHandlerMapping : Mapped to public org.springframework.http.ResponseEntity<edu.ufp.nk.ws1.models.Explainer> edu.ufp.nk.ws1.controllers.ExplainerController.createAvailability(edu.ufp.nk.ws1.models.Availability)
2020-01-12 04:38:14.200 DEBUG 2515 --- [http-nio-8081-exec-5] m.m.a.RequestResponseBodyMethodProcessor : Read "application/json;charset=UTF-8" to [Availability(start=15:30, end=17:30, day=null)]
2020-01-12 04:38:14.200  INFO 2515 --- [http-nio-8081-exec-5] e.u.n.w.controllers.ExplainerController  : Received a put request
2020-01-12 04:38:14.241 DEBUG 2515 --- [http-nio-8081-exec-5] o.s.w.s.m.m.a.HttpEntityMethodProcessor  : Using 'application/json', given [*/*] and supported [application/json]
2020-01-12 04:38:14.241 DEBUG 2515 --- [http-nio-8081-exec-5] o.s.w.s.m.m.a.HttpEntityMethodProcessor  : Writing [Explainer(name=Nikos Perris, degree=Degree(name=Enfermagem), availabilities=[Availability(start=15:3 (truncated)...]
2020-01-12 04:38:14.246 DEBUG 2515 --- [http-nio-8081-exec-5] o.s.web.servlet.DispatcherServlet        : Completed 200 OK
2020-01-12 04:38:17.348 DEBUG 2515 --- [http-nio-8081-exec-4] o.s.web.servlet.DispatcherServlet        : GET "/explainer?end=15:00", parameters={masked}
2020-01-12 04:38:17.349 DEBUG 2515 --- [http-nio-8081-exec-4] s.w.s.m.m.a.RequestMappingHandlerMapping : Mapped to public org.springframework.http.ResponseEntity<java.lang.Iterable<edu.ufp.nk.ws1.models.Explainer>> edu.ufp.nk.ws1.controllers.ExplainerController.searchExplainers(java.util.Map<java.lang.String, java.lang.String>)
2020-01-12 04:38:17.384 DEBUG 2515 --- [http-nio-8081-exec-4] o.s.w.s.m.m.a.HttpEntityMethodProcessor  : Using 'application/json', given [*/*] and supported [application/json, application/*+json, application/json, application/*+json]
2020-01-12 04:38:17.384 DEBUG 2515 --- [http-nio-8081-exec-4] o.s.w.s.m.m.a.HttpEntityMethodProcessor  : Writing [[Explainer(name=Nikos Perris, degree=Degree(name=Enfermagem), availabilities=[Availability(start=15: (truncated)...]
2020-01-12 04:38:17.385 DEBUG 2515 --- [http-nio-8081-exec-4] o.s.web.servlet.DispatcherServlet        : Completed 200 OK
2020-01-12 04:38:18.811 DEBUG 2515 --- [http-nio-8081-exec-6] o.s.web.servlet.DispatcherServlet        : GET "/explainer?end=15:00", parameters={masked}
2020-01-12 04:38:18.812 DEBUG 2515 --- [http-nio-8081-exec-6] s.w.s.m.m.a.RequestMappingHandlerMapping : Mapped to public org.springframework.http.ResponseEntity<java.lang.Iterable<edu.ufp.nk.ws1.models.Explainer>> edu.ufp.nk.ws1.controllers.ExplainerController.searchExplainers(java.util.Map<java.lang.String, java.lang.String>)
2020-01-12 04:38:18.820 DEBUG 2515 --- [http-nio-8081-exec-6] o.s.w.s.m.m.a.HttpEntityMethodProcessor  : Using 'application/json', given [*/*] and supported [application/json, application/*+json, application/json, application/*+json]
2020-01-12 04:38:18.821 DEBUG 2515 --- [http-nio-8081-exec-6] o.s.w.s.m.m.a.HttpEntityMethodProcessor  : Writing [[Explainer(name=Nikos Perris, degree=Degree(name=Enfermagem), availabilities=[Availability(start=15: (truncated)...]
2020-01-12 04:38:18.823 DEBUG 2515 --- [http-nio-8081-exec-6] o.s.web.servlet.DispatcherServlet        : Completed 200 OK
2020-01-12 04:38:19.549 DEBUG 2515 --- [http-nio-8081-exec-7] o.s.web.servlet.DispatcherServlet        : GET "/explainer?end=15:00", parameters={masked}
2020-01-12 04:38:19.550 DEBUG 2515 --- [http-nio-8081-exec-7] s.w.s.m.m.a.RequestMappingHandlerMapping : Mapped to public org.springframework.http.ResponseEntity<java.lang.Iterable<edu.ufp.nk.ws1.models.Explainer>> edu.ufp.nk.ws1.controllers.ExplainerController.searchExplainers(java.util.Map<java.lang.String, java.lang.String>)
2020-01-12 04:38:19.554 DEBUG 2515 --- [http-nio-8081-exec-7] o.s.w.s.m.m.a.HttpEntityMethodProcessor  : Using 'application/json', given [*/*] and supported [application/json, application/*+json, application/json, application/*+json]
2020-01-12 04:38:19.554 DEBUG 2515 --- [http-nio-8081-exec-7] o.s.w.s.m.m.a.HttpEntityMethodProcessor  : Writing [[Explainer(name=Nikos Perris, degree=Degree(name=Enfermagem), availabilities=[Availability(start=15: (truncated)...]
2020-01-12 04:38:19.555 DEBUG 2515 --- [http-nio-8081-exec-7] o.s.web.servlet.DispatcherServlet        : Completed 200 OK
2020-01-12 04:38:21.726 DEBUG 2515 --- [http-nio-8081-exec-8] o.s.web.servlet.DispatcherServlet        : GET "/explainer?start=16:00", parameters={masked}
2020-01-12 04:38:21.726 DEBUG 2515 --- [http-nio-8081-exec-8] s.w.s.m.m.a.RequestMappingHandlerMapping : Mapped to public org.springframework.http.ResponseEntity<java.lang.Iterable<edu.ufp.nk.ws1.models.Explainer>> edu.ufp.nk.ws1.controllers.ExplainerController.searchExplainers(java.util.Map<java.lang.String, java.lang.String>)
2020-01-12 04:38:21.729 DEBUG 2515 --- [http-nio-8081-exec-8] o.s.w.s.m.m.a.HttpEntityMethodProcessor  : Using 'application/json', given [*/*] and supported [application/json, application/*+json, application/json, application/*+json]
2020-01-12 04:38:21.729 DEBUG 2515 --- [http-nio-8081-exec-8] o.s.w.s.m.m.a.HttpEntityMethodProcessor  : Writing [[Explainer(name=Nikos Perris, degree=Degree(name=Enfermagem), availabilities=[Availability(start=15: (truncated)...]
2020-01-12 04:38:21.730 DEBUG 2515 --- [http-nio-8081-exec-8] o.s.web.servlet.DispatcherServlet        : Completed 200 OK
2020-01-12 04:38:22.686 DEBUG 2515 --- [http-nio-8081-exec-9] o.s.web.servlet.DispatcherServlet        : GET "/explainer?start=16:00", parameters={masked}
2020-01-12 04:38:22.688 DEBUG 2515 --- [http-nio-8081-exec-9] s.w.s.m.m.a.RequestMappingHandlerMapping : Mapped to public org.springframework.http.ResponseEntity<java.lang.Iterable<edu.ufp.nk.ws1.models.Explainer>> edu.ufp.nk.ws1.controllers.ExplainerController.searchExplainers(java.util.Map<java.lang.String, java.lang.String>)
2020-01-12 04:38:22.693 DEBUG 2515 --- [http-nio-8081-exec-9] o.s.w.s.m.m.a.HttpEntityMethodProcessor  : Using 'application/json', given [*/*] and supported [application/json, application/*+json, application/json, application/*+json]
2020-01-12 04:38:22.694 DEBUG 2515 --- [http-nio-8081-exec-9] o.s.w.s.m.m.a.HttpEntityMethodProcessor  : Writing [[Explainer(name=Nikos Perris, degree=Degree(name=Enfermagem), availabilities=[Availability(start=15: (truncated)...]
2020-01-12 04:38:22.702 DEBUG 2515 --- [http-nio-8081-exec-9] o.s.web.servlet.DispatcherServlet        : Completed 200 OK
2020-01-12 04:38:23.585 DEBUG 2515 --- [http-nio-8081-exec-10] o.s.web.servlet.DispatcherServlet        : GET "/explainer?start=16:00", parameters={masked}
2020-01-12 04:38:23.587 DEBUG 2515 --- [http-nio-8081-exec-10] s.w.s.m.m.a.RequestMappingHandlerMapping : Mapped to public org.springframework.http.ResponseEntity<java.lang.Iterable<edu.ufp.nk.ws1.models.Explainer>> edu.ufp.nk.ws1.controllers.ExplainerController.searchExplainers(java.util.Map<java.lang.String, java.lang.String>)
2020-01-12 04:38:23.591 DEBUG 2515 --- [http-nio-8081-exec-10] o.s.w.s.m.m.a.HttpEntityMethodProcessor  : Using 'application/json', given [*/*] and supported [application/json, application/*+json, application/json, application/*+json]
2020-01-12 04:38:23.591 DEBUG 2515 --- [http-nio-8081-exec-10] o.s.w.s.m.m.a.HttpEntityMethodProcessor  : Writing [[Explainer(name=Nikos Perris, degree=Degree(name=Enfermagem), availabilities=[Availability(start=15: (truncated)...]
2020-01-12 04:38:23.592 DEBUG 2515 --- [http-nio-8081-exec-10] o.s.web.servlet.DispatcherServlet        : Completed 200 OK
2020-01-12 04:38:24.350 DEBUG 2515 --- [http-nio-8081-exec-1] o.s.web.servlet.DispatcherServlet        : GET "/explainer?start=16:00", parameters={masked}
2020-01-12 04:38:24.351 DEBUG 2515 --- [http-nio-8081-exec-1] s.w.s.m.m.a.RequestMappingHandlerMapping : Mapped to public org.springframework.http.ResponseEntity<java.lang.Iterable<edu.ufp.nk.ws1.models.Explainer>> edu.ufp.nk.ws1.controllers.ExplainerController.searchExplainers(java.util.Map<java.lang.String, java.lang.String>)
2020-01-12 04:38:24.356 DEBUG 2515 --- [http-nio-8081-exec-1] o.s.w.s.m.m.a.HttpEntityMethodProcessor  : Using 'application/json', given [*/*] and supported [application/json, application/*+json, application/json, application/*+json]
2020-01-12 04:38:24.357 DEBUG 2515 --- [http-nio-8081-exec-1] o.s.w.s.m.m.a.HttpEntityMethodProcessor  : Writing [[Explainer(name=Nikos Perris, degree=Degree(name=Enfermagem), availabilities=[Availability(start=15: (truncated)...]
2020-01-12 04:38:24.362 DEBUG 2515 --- [http-nio-8081-exec-1] o.s.web.servlet.DispatcherServlet        : Completed 200 OK
2020-01-12 04:38:27.706 DEBUG 2515 --- [http-nio-8081-exec-2] o.s.web.servlet.DispatcherServlet        : GET "/explainer?degree=Enfermagem", parameters={masked}
2020-01-12 04:38:27.707 DEBUG 2515 --- [http-nio-8081-exec-2] s.w.s.m.m.a.RequestMappingHandlerMapping : Mapped to public org.springframework.http.ResponseEntity<java.lang.Iterable<edu.ufp.nk.ws1.models.Explainer>> edu.ufp.nk.ws1.controllers.ExplainerController.searchExplainers(java.util.Map<java.lang.String, java.lang.String>)
2020-01-12 04:38:27.710 DEBUG 2515 --- [http-nio-8081-exec-2] o.s.w.s.m.m.a.HttpEntityMethodProcessor  : Using 'application/json', given [*/*] and supported [application/json, application/*+json, application/json, application/*+json]
2020-01-12 04:38:27.710 DEBUG 2515 --- [http-nio-8081-exec-2] o.s.w.s.m.m.a.HttpEntityMethodProcessor  : Writing [[Explainer(name=Nikos Perris, degree=Degree(name=Enfermagem), availabilities=[Availability(start=15: (truncated)...]
2020-01-12 04:38:27.712 DEBUG 2515 --- [http-nio-8081-exec-2] o.s.web.servlet.DispatcherServlet        : Completed 200 OK
2020-01-12 04:38:29.720 DEBUG 2515 --- [http-nio-8081-exec-3] o.s.web.servlet.DispatcherServlet        : GET "/explainer?degree=Enfermagem", parameters={masked}
2020-01-12 04:38:29.720 DEBUG 2515 --- [http-nio-8081-exec-3] s.w.s.m.m.a.RequestMappingHandlerMapping : Mapped to public org.springframework.http.ResponseEntity<java.lang.Iterable<edu.ufp.nk.ws1.models.Explainer>> edu.ufp.nk.ws1.controllers.ExplainerController.searchExplainers(java.util.Map<java.lang.String, java.lang.String>)
2020-01-12 04:38:29.727 DEBUG 2515 --- [http-nio-8081-exec-3] o.s.w.s.m.m.a.HttpEntityMethodProcessor  : Using 'application/json', given [*/*] and supported [application/json, application/*+json, application/json, application/*+json]
2020-01-12 04:38:29.727 DEBUG 2515 --- [http-nio-8081-exec-3] o.s.w.s.m.m.a.HttpEntityMethodProcessor  : Writing [[Explainer(name=Nikos Perris, degree=Degree(name=Enfermagem), availabilities=[Availability(start=15: (truncated)...]
2020-01-12 04:38:29.731 DEBUG 2515 --- [http-nio-8081-exec-3] o.s.web.servlet.DispatcherServlet        : Completed 200 OK
2020-01-12 04:38:30.538 DEBUG 2515 --- [http-nio-8081-exec-5] o.s.web.servlet.DispatcherServlet        : GET "/explainer?degree=Enfermagem", parameters={masked}
2020-01-12 04:38:30.539 DEBUG 2515 --- [http-nio-8081-exec-5] s.w.s.m.m.a.RequestMappingHandlerMapping : Mapped to public org.springframework.http.ResponseEntity<java.lang.Iterable<edu.ufp.nk.ws1.models.Explainer>> edu.ufp.nk.ws1.controllers.ExplainerController.searchExplainers(java.util.Map<java.lang.String, java.lang.String>)
2020-01-12 04:38:30.543 DEBUG 2515 --- [http-nio-8081-exec-5] o.s.w.s.m.m.a.HttpEntityMethodProcessor  : Using 'application/json', given [*/*] and supported [application/json, application/*+json, application/json, application/*+json]
2020-01-12 04:38:30.543 DEBUG 2515 --- [http-nio-8081-exec-5] o.s.w.s.m.m.a.HttpEntityMethodProcessor  : Writing [[Explainer(name=Nikos Perris, degree=Degree(name=Enfermagem), availabilities=[Availability(start=15: (truncated)...]
2020-01-12 04:38:30.544 DEBUG 2515 --- [http-nio-8081-exec-5] o.s.web.servlet.DispatcherServlet        : Completed 200 OK
2020-01-12 04:38:32.670 DEBUG 2515 --- [http-nio-8081-exec-4] o.s.web.servlet.DispatcherServlet        : GET "/explainer?name=Pedro%20Alves", parameters={masked}
2020-01-12 04:38:32.671 DEBUG 2515 --- [http-nio-8081-exec-4] s.w.s.m.m.a.RequestMappingHandlerMapping : Mapped to public org.springframework.http.ResponseEntity<java.lang.Iterable<edu.ufp.nk.ws1.models.Explainer>> edu.ufp.nk.ws1.controllers.ExplainerController.searchExplainers(java.util.Map<java.lang.String, java.lang.String>)
2020-01-12 04:38:32.676 DEBUG 2515 --- [http-nio-8081-exec-4] o.s.w.s.m.m.a.HttpEntityMethodProcessor  : Using 'application/json', given [*/*] and supported [application/json, application/*+json, application/json, application/*+json]
2020-01-12 04:38:32.676 DEBUG 2515 --- [http-nio-8081-exec-4] o.s.w.s.m.m.a.HttpEntityMethodProcessor  : Writing [[]]
2020-01-12 04:38:32.677 DEBUG 2515 --- [http-nio-8081-exec-4] o.s.web.servlet.DispatcherServlet        : Completed 200 OK
2020-01-12 04:38:35.378 DEBUG 2515 --- [http-nio-8081-exec-6] o.s.web.servlet.DispatcherServlet        : GET "/explainer?degree=Psicologia", parameters={masked}
2020-01-12 04:38:35.379 DEBUG 2515 --- [http-nio-8081-exec-6] s.w.s.m.m.a.RequestMappingHandlerMapping : Mapped to public org.springframework.http.ResponseEntity<java.lang.Iterable<edu.ufp.nk.ws1.models.Explainer>> edu.ufp.nk.ws1.controllers.ExplainerController.searchExplainers(java.util.Map<java.lang.String, java.lang.String>)
2020-01-12 04:38:35.383 DEBUG 2515 --- [http-nio-8081-exec-6] o.s.w.s.m.m.a.HttpEntityMethodProcessor  : Using 'application/json', given [*/*] and supported [application/json, application/*+json, application/json, application/*+json]
2020-01-12 04:38:35.384 DEBUG 2515 --- [http-nio-8081-exec-6] o.s.w.s.m.m.a.HttpEntityMethodProcessor  : Writing [[]]
2020-01-12 04:38:35.384 DEBUG 2515 --- [http-nio-8081-exec-6] o.s.web.servlet.DispatcherServlet        : Completed 200 OK
2020-01-12 04:38:38.013 DEBUG 2515 --- [http-nio-8081-exec-7] o.s.web.servlet.DispatcherServlet        : GET "/explainer?start=16:00", parameters={masked}
2020-01-12 04:38:38.014 DEBUG 2515 --- [http-nio-8081-exec-7] s.w.s.m.m.a.RequestMappingHandlerMapping : Mapped to public org.springframework.http.ResponseEntity<java.lang.Iterable<edu.ufp.nk.ws1.models.Explainer>> edu.ufp.nk.ws1.controllers.ExplainerController.searchExplainers(java.util.Map<java.lang.String, java.lang.String>)
2020-01-12 04:38:38.017 DEBUG 2515 --- [http-nio-8081-exec-7] o.s.w.s.m.m.a.HttpEntityMethodProcessor  : Using 'application/json', given [*/*] and supported [application/json, application/*+json, application/json, application/*+json]
2020-01-12 04:38:38.019 DEBUG 2515 --- [http-nio-8081-exec-7] o.s.w.s.m.m.a.HttpEntityMethodProcessor  : Writing [[Explainer(name=Nikos Perris, degree=Degree(name=Enfermagem), availabilities=[Availability(start=15: (truncated)...]
2020-01-12 04:38:38.021 DEBUG 2515 --- [http-nio-8081-exec-7] o.s.web.servlet.DispatcherServlet        : Completed 200 OK
2020-01-12 04:40:09.475  WARN 2515 --- [Thread-8] o.s.b.f.support.DisposableBeanAdapter    : Invocation of destroy method failed on bean with name 'inMemoryDatabaseShutdownExecutor': org.h2.jdbc.JdbcSQLNonTransientConnectionException: Database is already closed (to disable automatic closing at VM shutdown, add ";DB_CLOSE_ON_EXIT=FALSE" to the db URL) [90121-199]
2020-01-12 04:40:14.596  INFO 3038 --- [restartedMain] edu.ufp.nk.ws1.WebService1               : Starting WebService1 on nkpc with PID 3038 (/home/nk/Desktop/Projects/EngenhariaSoftware/ws1/target/classes started by nk in /home/nk/Desktop/Projects/EngenhariaSoftware/ws1)
2020-01-12 04:40:14.604 DEBUG 3038 --- [restartedMain] edu.ufp.nk.ws1.WebService1               : Running with Spring Boot v2.1.8.RELEASE, Spring v5.1.9.RELEASE
2020-01-12 04:40:14.604  INFO 3038 --- [restartedMain] edu.ufp.nk.ws1.WebService1               : No active profile set, falling back to default profiles: default
2020-01-12 04:40:17.023 DEBUG 3038 --- [restartedMain] o.s.web.context.ContextLoader            : Published root WebApplicationContext as ServletContext attribute with name [org.springframework.web.context.WebApplicationContext.ROOT]
2020-01-12 04:40:17.024  INFO 3038 --- [restartedMain] o.s.web.context.ContextLoader            : Root WebApplicationContext: initialization completed in 2368 ms
2020-01-12 04:40:19.282 DEBUG 3038 --- [restartedMain] o.s.w.s.handler.SimpleUrlHandlerMapping  : Patterns [/**/favicon.ico] in 'faviconHandlerMapping'
2020-01-12 04:40:19.450 DEBUG 3038 --- [restartedMain] s.w.s.m.m.a.RequestMappingHandlerAdapter : ControllerAdvice beans: 0 @ModelAttribute, 0 @InitBinder, 1 RequestBodyAdvice, 1 ResponseBodyAdvice
2020-01-12 04:40:19.469  WARN 3038 --- [restartedMain] aWebConfiguration$JpaWebMvcConfiguration : spring.jpa.open-in-view is enabled by default. Therefore, database queries may be performed during view rendering. Explicitly configure spring.jpa.open-in-view to disable this warning
2020-01-12 04:40:19.506 DEBUG 3038 --- [restartedMain] s.w.s.m.m.a.RequestMappingHandlerMapping : 31 mappings in 'requestMappingHandlerMapping'
2020-01-12 04:40:19.518 DEBUG 3038 --- [restartedMain] o.s.w.s.handler.SimpleUrlHandlerMapping  : Patterns [/webjars/**, /**] in 'resourceHandlerMapping'
2020-01-12 04:40:19.529 DEBUG 3038 --- [restartedMain] .m.m.a.ExceptionHandlerExceptionResolver : ControllerAdvice beans: 0 @ExceptionHandler, 1 ResponseBodyAdvice
2020-01-12 04:40:19.865  INFO 3038 --- [restartedMain] edu.ufp.nk.ws1.WebService1               : Started WebService1 in 5.868 seconds (JVM running for 6.922)
2020-01-12 04:40:20.174  INFO 3038 --- [RMI TCP Connection(7)-127.0.0.1] o.s.web.servlet.DispatcherServlet        : Initializing Servlet 'dispatcherServlet'
2020-01-12 04:40:20.177 DEBUG 3038 --- [RMI TCP Connection(7)-127.0.0.1] o.s.web.servlet.DispatcherServlet        : Detected StandardServletMultipartResolver
2020-01-12 04:40:20.201 DEBUG 3038 --- [RMI TCP Connection(7)-127.0.0.1] o.s.web.servlet.DispatcherServlet        : enableLoggingRequestDetails='false': request parameters and headers will be masked to prevent unsafe logging of potentially sensitive data
2020-01-12 04:40:20.201  INFO 3038 --- [RMI TCP Connection(7)-127.0.0.1] o.s.web.servlet.DispatcherServlet        : Completed initialization in 24 ms
2020-01-12 04:40:22.076 DEBUG 3038 --- [http-nio-8081-exec-1] o.s.web.servlet.DispatcherServlet        : POST "/explainer", parameters={}
2020-01-12 04:40:22.085 DEBUG 3038 --- [http-nio-8081-exec-1] s.w.s.m.m.a.RequestMappingHandlerMapping : Mapped to public org.springframework.http.ResponseEntity<edu.ufp.nk.ws1.models.Explainer> edu.ufp.nk.ws1.controllers.ExplainerController.createExplainer(edu.ufp.nk.ws1.models.Explainer)
2020-01-12 04:40:22.155 DEBUG 3038 --- [http-nio-8081-exec-1] m.m.a.RequestResponseBodyMethodProcessor : Read "application/json;charset=UTF-8" to [Explainer(name=Nikos Perris, degree=null, availabilities=[])]
2020-01-12 04:40:22.160  INFO 3038 --- [http-nio-8081-exec-1] e.u.n.w.controllers.ExplainerController  : Received a post request
2020-01-12 04:40:22.339 DEBUG 3038 --- [http-nio-8081-exec-1] o.s.w.s.m.m.a.HttpEntityMethodProcessor  : Using 'application/json', given [*/*] and supported [application/json]
2020-01-12 04:40:22.341 DEBUG 3038 --- [http-nio-8081-exec-1] o.s.w.s.m.m.a.HttpEntityMethodProcessor  : Writing [Explainer(name=Nikos Perris, degree=null, availabilities=[])]
2020-01-12 04:40:22.387 DEBUG 3038 --- [http-nio-8081-exec-1] o.s.web.servlet.DispatcherServlet        : Completed 200 OK
2020-01-12 04:40:26.094 DEBUG 3038 --- [http-nio-8081-exec-3] o.s.web.servlet.DispatcherServlet        : PUT "/explainer/", parameters={}
2020-01-12 04:40:26.096 DEBUG 3038 --- [http-nio-8081-exec-3] s.w.s.m.m.a.RequestMappingHandlerMapping : Mapped to public org.springframework.http.ResponseEntity<edu.ufp.nk.ws1.models.Explainer> edu.ufp.nk.ws1.controllers.ExplainerController.createAvailability(edu.ufp.nk.ws1.models.Availability)
2020-01-12 04:40:26.106 DEBUG 3038 --- [http-nio-8081-exec-3] m.m.a.RequestResponseBodyMethodProcessor : Read "application/json;charset=UTF-8" to [Availability(start=15:30, end=17:30, day=null)]
2020-01-12 04:40:26.106  INFO 3038 --- [http-nio-8081-exec-3] e.u.n.w.controllers.ExplainerController  : Received a put request
2020-01-12 04:40:26.195 DEBUG 3038 --- [http-nio-8081-exec-3] o.s.w.s.m.m.a.HttpEntityMethodProcessor  : Using 'application/json', given [*/*] and supported [application/json]
2020-01-12 04:40:26.196 DEBUG 3038 --- [http-nio-8081-exec-3] o.s.w.s.m.m.a.HttpEntityMethodProcessor  : Writing [Explainer(name=Nikos Perris, degree=null, availabilities=[Availability(start=15:30, end=17:30, day=n (truncated)...]
2020-01-12 04:40:26.199 DEBUG 3038 --- [http-nio-8081-exec-3] o.s.web.servlet.DispatcherServlet        : Completed 200 OK
2020-01-12 04:40:29.103 DEBUG 3038 --- [http-nio-8081-exec-4] o.s.web.servlet.DispatcherServlet        : PUT "/explainer/Enfermagem", parameters={}
2020-01-12 04:40:29.105 DEBUG 3038 --- [http-nio-8081-exec-4] s.w.s.m.m.a.RequestMappingHandlerMapping : Mapped to public org.springframework.http.ResponseEntity<edu.ufp.nk.ws1.models.Explainer> edu.ufp.nk.ws1.controllers.ExplainerController.addDegree(java.lang.String,edu.ufp.nk.ws1.models.Explainer)
2020-01-12 04:40:29.111 DEBUG 3038 --- [http-nio-8081-exec-4] m.m.a.RequestResponseBodyMethodProcessor : Read "application/json;charset=UTF-8" to [Explainer(name=Nikos Perris, degree=null, availabilities=[])]
2020-01-12 04:40:29.111  INFO 3038 --- [http-nio-8081-exec-4] e.u.n.w.controllers.ExplainerController  : Received a put request
2020-01-12 04:40:29.125 DEBUG 3038 --- [http-nio-8081-exec-4] o.s.w.s.m.m.a.HttpEntityMethodProcessor  : Using 'application/json', given [*/*] and supported [application/json]
2020-01-12 04:40:29.132 DEBUG 3038 --- [http-nio-8081-exec-4] o.s.w.s.m.m.a.HttpEntityMethodProcessor  : Writing [Explainer(name=Nikos Perris, degree=Degree(name=Enfermagem), availabilities=[Availability(start=15:3 (truncated)...]
2020-01-12 04:40:29.135 DEBUG 3038 --- [http-nio-8081-exec-4] o.s.web.servlet.DispatcherServlet        : Completed 200 OK
2020-01-12 04:40:33.451 DEBUG 3038 --- [http-nio-8081-exec-5] o.s.web.servlet.DispatcherServlet        : GET "/explainer", parameters={}
2020-01-12 04:40:33.452 DEBUG 3038 --- [http-nio-8081-exec-5] s.w.s.m.m.a.RequestMappingHandlerMapping : Mapped to public org.springframework.http.ResponseEntity<java.lang.Iterable<edu.ufp.nk.ws1.models.Explainer>> edu.ufp.nk.ws1.controllers.ExplainerController.searchExplainers(java.util.Map<java.lang.String, java.lang.String>)
2020-01-12 04:40:33.478 DEBUG 3038 --- [http-nio-8081-exec-5] o.s.w.s.m.m.a.HttpEntityMethodProcessor  : Using 'application/json', given [*/*] and supported [application/json, application/*+json, application/json, application/*+json]
2020-01-12 04:40:33.479 DEBUG 3038 --- [http-nio-8081-exec-5] o.s.w.s.m.m.a.HttpEntityMethodProcessor  : Writing [[Explainer(name=Nikos Perris, degree=Degree(name=Enfermagem), availabilities=[Availability(start=15: (truncated)...]
2020-01-12 04:40:33.480 DEBUG 3038 --- [http-nio-8081-exec-5] o.s.web.servlet.DispatcherServlet        : Completed 200 OK
2020-01-12 04:40:38.525 DEBUG 3038 --- [http-nio-8081-exec-6] o.s.web.servlet.DispatcherServlet        : GET "/explainer?start=16:00", parameters={masked}
2020-01-12 04:40:38.526 DEBUG 3038 --- [http-nio-8081-exec-6] s.w.s.m.m.a.RequestMappingHandlerMapping : Mapped to public org.springframework.http.ResponseEntity<java.lang.Iterable<edu.ufp.nk.ws1.models.Explainer>> edu.ufp.nk.ws1.controllers.ExplainerController.searchExplainers(java.util.Map<java.lang.String, java.lang.String>)
2020-01-12 04:40:38.531 DEBUG 3038 --- [http-nio-8081-exec-6] o.s.w.s.m.m.a.HttpEntityMethodProcessor  : Using 'application/json', given [*/*] and supported [application/json, application/*+json, application/json, application/*+json]
2020-01-12 04:40:38.531 DEBUG 3038 --- [http-nio-8081-exec-6] o.s.w.s.m.m.a.HttpEntityMethodProcessor  : Writing [[Explainer(name=Nikos Perris, degree=Degree(name=Enfermagem), availabilities=[Availability(start=15: (truncated)...]
2020-01-12 04:40:38.532 DEBUG 3038 --- [http-nio-8081-exec-6] o.s.web.servlet.DispatcherServlet        : Completed 200 OK
2020-01-12 04:40:46.567 DEBUG 3038 --- [http-nio-8081-exec-7] o.s.web.servlet.DispatcherServlet        : GET "/explainer?end=15:00", parameters={masked}
2020-01-12 04:40:46.569 DEBUG 3038 --- [http-nio-8081-exec-7] s.w.s.m.m.a.RequestMappingHandlerMapping : Mapped to public org.springframework.http.ResponseEntity<java.lang.Iterable<edu.ufp.nk.ws1.models.Explainer>> edu.ufp.nk.ws1.controllers.ExplainerController.searchExplainers(java.util.Map<java.lang.String, java.lang.String>)
2020-01-12 04:40:46.572 DEBUG 3038 --- [http-nio-8081-exec-7] o.s.w.s.m.m.a.HttpEntityMethodProcessor  : Using 'application/json', given [*/*] and supported [application/json, application/*+json, application/json, application/*+json]
2020-01-12 04:40:46.573 DEBUG 3038 --- [http-nio-8081-exec-7] o.s.w.s.m.m.a.HttpEntityMethodProcessor  : Writing [[Explainer(name=Nikos Perris, degree=Degree(name=Enfermagem), availabilities=[Availability(start=15: (truncated)...]
2020-01-12 04:40:46.577 DEBUG 3038 --- [http-nio-8081-exec-7] o.s.web.servlet.DispatcherServlet        : Completed 200 OK
2020-01-12 04:40:48.700 DEBUG 3038 --- [http-nio-8081-exec-8] o.s.web.servlet.DispatcherServlet        : GET "/explainer?end=15:00", parameters={masked}
2020-01-12 04:40:48.702 DEBUG 3038 --- [http-nio-8081-exec-8] s.w.s.m.m.a.RequestMappingHandlerMapping : Mapped to public org.springframework.http.ResponseEntity<java.lang.Iterable<edu.ufp.nk.ws1.models.Explainer>> edu.ufp.nk.ws1.controllers.ExplainerController.searchExplainers(java.util.Map<java.lang.String, java.lang.String>)
2020-01-12 04:40:48.707 DEBUG 3038 --- [http-nio-8081-exec-8] o.s.w.s.m.m.a.HttpEntityMethodProcessor  : Using 'application/json', given [*/*] and supported [application/json, application/*+json, application/json, application/*+json]
2020-01-12 04:40:48.710 DEBUG 3038 --- [http-nio-8081-exec-8] o.s.w.s.m.m.a.HttpEntityMethodProcessor  : Writing [[Explainer(name=Nikos Perris, degree=Degree(name=Enfermagem), availabilities=[Availability(start=15: (truncated)...]
2020-01-12 04:40:48.711 DEBUG 3038 --- [http-nio-8081-exec-8] o.s.web.servlet.DispatcherServlet        : Completed 200 OK
2020-01-12 04:41:03.860 DEBUG 3038 --- [http-nio-8081-exec-9] o.s.web.servlet.DispatcherServlet        : GET "/explainer?start=16:00&end=17:00", parameters={masked}
2020-01-12 04:41:03.861 DEBUG 3038 --- [http-nio-8081-exec-9] s.w.s.m.m.a.RequestMappingHandlerMapping : Mapped to public org.springframework.http.ResponseEntity<java.lang.Iterable<edu.ufp.nk.ws1.models.Explainer>> edu.ufp.nk.ws1.controllers.ExplainerController.searchExplainers(java.util.Map<java.lang.String, java.lang.String>)
2020-01-12 04:41:03.880 DEBUG 3038 --- [http-nio-8081-exec-9] o.s.w.s.m.m.a.HttpEntityMethodProcessor  : Using 'application/json', given [*/*] and supported [application/json, application/*+json, application/json, application/*+json]
2020-01-12 04:41:03.882 DEBUG 3038 --- [http-nio-8081-exec-9] o.s.w.s.m.m.a.HttpEntityMethodProcessor  : Writing [[]]
2020-01-12 04:41:03.887 DEBUG 3038 --- [http-nio-8081-exec-9] o.s.web.servlet.DispatcherServlet        : Completed 200 OK
2020-01-12 04:41:09.914 DEBUG 3038 --- [http-nio-8081-exec-10] o.s.web.servlet.DispatcherServlet        : GET "/explainer?end=17:00", parameters={masked}
2020-01-12 04:41:09.914 DEBUG 3038 --- [http-nio-8081-exec-10] s.w.s.m.m.a.RequestMappingHandlerMapping : Mapped to public org.springframework.http.ResponseEntity<java.lang.Iterable<edu.ufp.nk.ws1.models.Explainer>> edu.ufp.nk.ws1.controllers.ExplainerController.searchExplainers(java.util.Map<java.lang.String, java.lang.String>)
2020-01-12 04:41:09.917 DEBUG 3038 --- [http-nio-8081-exec-10] o.s.w.s.m.m.a.HttpEntityMethodProcessor  : Using 'application/json', given [*/*] and supported [application/json, application/*+json, application/json, application/*+json]
2020-01-12 04:41:09.917 DEBUG 3038 --- [http-nio-8081-exec-10] o.s.w.s.m.m.a.HttpEntityMethodProcessor  : Writing [[]]
2020-01-12 04:41:09.924 DEBUG 3038 --- [http-nio-8081-exec-10] o.s.web.servlet.DispatcherServlet        : Completed 200 OK
2020-01-12 04:41:16.547 DEBUG 3038 --- [http-nio-8081-exec-2] o.s.web.servlet.DispatcherServlet        : GET "/explainer?start=16:00", parameters={masked}
2020-01-12 04:41:16.548 DEBUG 3038 --- [http-nio-8081-exec-2] s.w.s.m.m.a.RequestMappingHandlerMapping : Mapped to public org.springframework.http.ResponseEntity<java.lang.Iterable<edu.ufp.nk.ws1.models.Explainer>> edu.ufp.nk.ws1.controllers.ExplainerController.searchExplainers(java.util.Map<java.lang.String, java.lang.String>)
2020-01-12 04:41:16.557 DEBUG 3038 --- [http-nio-8081-exec-2] o.s.w.s.m.m.a.HttpEntityMethodProcessor  : Using 'application/json', given [*/*] and supported [application/json, application/*+json, application/json, application/*+json]
2020-01-12 04:41:16.557 DEBUG 3038 --- [http-nio-8081-exec-2] o.s.w.s.m.m.a.HttpEntityMethodProcessor  : Writing [[Explainer(name=Nikos Perris, degree=Degree(name=Enfermagem), availabilities=[Availability(start=15: (truncated)...]
2020-01-12 04:41:16.559 DEBUG 3038 --- [http-nio-8081-exec-2] o.s.web.servlet.DispatcherServlet        : Completed 200 OK
2020-01-12 04:42:57.175  WARN 3038 --- [Thread-8] o.s.b.f.support.DisposableBeanAdapter    : Invocation of destroy method failed on bean with name 'inMemoryDatabaseShutdownExecutor': org.h2.jdbc.JdbcSQLNonTransientConnectionException: Database is already closed (to disable automatic closing at VM shutdown, add ";DB_CLOSE_ON_EXIT=FALSE" to the db URL) [90121-199]
2020-01-12 04:43:02.136  INFO 3288 --- [restartedMain] edu.ufp.nk.ws1.WebService1               : Starting WebService1 on nkpc with PID 3288 (/home/nk/Desktop/Projects/EngenhariaSoftware/ws1/target/classes started by nk in /home/nk/Desktop/Projects/EngenhariaSoftware/ws1)
2020-01-12 04:43:02.139 DEBUG 3288 --- [restartedMain] edu.ufp.nk.ws1.WebService1               : Running with Spring Boot v2.1.8.RELEASE, Spring v5.1.9.RELEASE
2020-01-12 04:43:02.144  INFO 3288 --- [restartedMain] edu.ufp.nk.ws1.WebService1               : No active profile set, falling back to default profiles: default
2020-01-12 04:43:04.601 DEBUG 3288 --- [restartedMain] o.s.web.context.ContextLoader            : Published root WebApplicationContext as ServletContext attribute with name [org.springframework.web.context.WebApplicationContext.ROOT]
2020-01-12 04:43:04.602  INFO 3288 --- [restartedMain] o.s.web.context.ContextLoader            : Root WebApplicationContext: initialization completed in 2388 ms
2020-01-12 04:43:06.958 DEBUG 3288 --- [restartedMain] o.s.w.s.handler.SimpleUrlHandlerMapping  : Patterns [/**/favicon.ico] in 'faviconHandlerMapping'
2020-01-12 04:43:07.117 DEBUG 3288 --- [restartedMain] s.w.s.m.m.a.RequestMappingHandlerAdapter : ControllerAdvice beans: 0 @ModelAttribute, 0 @InitBinder, 1 RequestBodyAdvice, 1 ResponseBodyAdvice
2020-01-12 04:43:07.146  WARN 3288 --- [restartedMain] aWebConfiguration$JpaWebMvcConfiguration : spring.jpa.open-in-view is enabled by default. Therefore, database queries may be performed during view rendering. Explicitly configure spring.jpa.open-in-view to disable this warning
2020-01-12 04:43:07.192 DEBUG 3288 --- [restartedMain] s.w.s.m.m.a.RequestMappingHandlerMapping : 31 mappings in 'requestMappingHandlerMapping'
2020-01-12 04:43:07.208 DEBUG 3288 --- [restartedMain] o.s.w.s.handler.SimpleUrlHandlerMapping  : Patterns [/webjars/**, /**] in 'resourceHandlerMapping'
2020-01-12 04:43:07.220 DEBUG 3288 --- [restartedMain] .m.m.a.ExceptionHandlerExceptionResolver : ControllerAdvice beans: 0 @ExceptionHandler, 1 ResponseBodyAdvice
2020-01-12 04:43:07.648  INFO 3288 --- [restartedMain] edu.ufp.nk.ws1.WebService1               : Started WebService1 in 6.229 seconds (JVM running for 7.058)
2020-01-12 04:43:08.203  INFO 3288 --- [RMI TCP Connection(3)-127.0.0.1] o.s.web.servlet.DispatcherServlet        : Initializing Servlet 'dispatcherServlet'
2020-01-12 04:43:08.210 DEBUG 3288 --- [RMI TCP Connection(3)-127.0.0.1] o.s.web.servlet.DispatcherServlet        : Detected StandardServletMultipartResolver
2020-01-12 04:43:08.268 DEBUG 3288 --- [RMI TCP Connection(3)-127.0.0.1] o.s.web.servlet.DispatcherServlet        : enableLoggingRequestDetails='false': request parameters and headers will be masked to prevent unsafe logging of potentially sensitive data
2020-01-12 04:43:08.270  INFO 3288 --- [RMI TCP Connection(3)-127.0.0.1] o.s.web.servlet.DispatcherServlet        : Completed initialization in 60 ms
2020-01-12 04:43:11.789 DEBUG 3288 --- [http-nio-8081-exec-2] o.s.web.servlet.DispatcherServlet        : POST "/explainer", parameters={}
2020-01-12 04:43:11.798 DEBUG 3288 --- [http-nio-8081-exec-2] s.w.s.m.m.a.RequestMappingHandlerMapping : Mapped to public org.springframework.http.ResponseEntity<edu.ufp.nk.ws1.models.Explainer> edu.ufp.nk.ws1.controllers.ExplainerController.createExplainer(edu.ufp.nk.ws1.models.Explainer)
2020-01-12 04:43:11.866 DEBUG 3288 --- [http-nio-8081-exec-2] m.m.a.RequestResponseBodyMethodProcessor : Read "application/json;charset=UTF-8" to [Explainer(name=Nikos Perris, degree=null, availabilities=[])]
2020-01-12 04:43:11.874  INFO 3288 --- [http-nio-8081-exec-2] e.u.n.w.controllers.ExplainerController  : Received a post request
2020-01-12 04:43:11.979 DEBUG 3288 --- [http-nio-8081-exec-2] o.s.w.s.m.m.a.HttpEntityMethodProcessor  : Using 'application/json', given [*/*] and supported [application/json]
2020-01-12 04:43:11.981 DEBUG 3288 --- [http-nio-8081-exec-2] o.s.w.s.m.m.a.HttpEntityMethodProcessor  : Writing [Explainer(name=Nikos Perris, degree=null, availabilities=[])]
2020-01-12 04:43:11.995 DEBUG 3288 --- [http-nio-8081-exec-2] o.s.web.servlet.DispatcherServlet        : Completed 200 OK
2020-01-12 04:43:15.930 DEBUG 3288 --- [http-nio-8081-exec-3] o.s.web.servlet.DispatcherServlet        : PUT "/explainer/", parameters={}
2020-01-12 04:43:15.931 DEBUG 3288 --- [http-nio-8081-exec-3] s.w.s.m.m.a.RequestMappingHandlerMapping : Mapped to public org.springframework.http.ResponseEntity<edu.ufp.nk.ws1.models.Explainer> edu.ufp.nk.ws1.controllers.ExplainerController.createAvailability(edu.ufp.nk.ws1.models.Availability)
2020-01-12 04:43:15.936 DEBUG 3288 --- [http-nio-8081-exec-3] m.m.a.RequestResponseBodyMethodProcessor : Read "application/json;charset=UTF-8" to [Availability(start=15:30, end=17:30, day=null)]
2020-01-12 04:43:15.937  INFO 3288 --- [http-nio-8081-exec-3] e.u.n.w.controllers.ExplainerController  : Received a put request
2020-01-12 04:43:15.997 DEBUG 3288 --- [http-nio-8081-exec-3] o.s.w.s.m.m.a.HttpEntityMethodProcessor  : Using 'application/json', given [*/*] and supported [application/json]
2020-01-12 04:43:15.998 DEBUG 3288 --- [http-nio-8081-exec-3] o.s.w.s.m.m.a.HttpEntityMethodProcessor  : Writing [Explainer(name=Nikos Perris, degree=null, availabilities=[Availability(start=15:30, end=17:30, day=n (truncated)...]
2020-01-12 04:43:16.004 DEBUG 3288 --- [http-nio-8081-exec-3] o.s.web.servlet.DispatcherServlet        : Completed 200 OK
2020-01-12 04:43:18.694 DEBUG 3288 --- [http-nio-8081-exec-4] o.s.web.servlet.DispatcherServlet        : PUT "/explainer/Enfermagem", parameters={}
2020-01-12 04:43:18.696 DEBUG 3288 --- [http-nio-8081-exec-4] s.w.s.m.m.a.RequestMappingHandlerMapping : Mapped to public org.springframework.http.ResponseEntity<edu.ufp.nk.ws1.models.Explainer> edu.ufp.nk.ws1.controllers.ExplainerController.addDegree(java.lang.String,edu.ufp.nk.ws1.models.Explainer)
2020-01-12 04:43:18.701 DEBUG 3288 --- [http-nio-8081-exec-4] m.m.a.RequestResponseBodyMethodProcessor : Read "application/json;charset=UTF-8" to [Explainer(name=Nikos Perris, degree=null, availabilities=[])]
2020-01-12 04:43:18.702  INFO 3288 --- [http-nio-8081-exec-4] e.u.n.w.controllers.ExplainerController  : Received a put request
2020-01-12 04:43:18.720 DEBUG 3288 --- [http-nio-8081-exec-4] o.s.w.s.m.m.a.HttpEntityMethodProcessor  : Using 'application/json', given [*/*] and supported [application/json]
2020-01-12 04:43:18.725 DEBUG 3288 --- [http-nio-8081-exec-4] o.s.w.s.m.m.a.HttpEntityMethodProcessor  : Writing [Explainer(name=Nikos Perris, degree=Degree(name=Enfermagem), availabilities=[Availability(start=15:3 (truncated)...]
2020-01-12 04:43:18.727 DEBUG 3288 --- [http-nio-8081-exec-4] o.s.web.servlet.DispatcherServlet        : Completed 200 OK
2020-01-12 04:43:34.491 DEBUG 3288 --- [http-nio-8081-exec-5] o.s.web.servlet.DispatcherServlet        : GET "/explainer", parameters={}
2020-01-12 04:43:34.492 DEBUG 3288 --- [http-nio-8081-exec-5] s.w.s.m.m.a.RequestMappingHandlerMapping : Mapped to public org.springframework.http.ResponseEntity<java.lang.Iterable<edu.ufp.nk.ws1.models.Explainer>> edu.ufp.nk.ws1.controllers.ExplainerController.searchExplainers(java.util.Map<java.lang.String, java.lang.String>)
2020-01-12 04:43:34.521 DEBUG 3288 --- [http-nio-8081-exec-5] o.s.w.s.m.m.a.HttpEntityMethodProcessor  : Using 'application/json', given [*/*] and supported [application/json, application/*+json, application/json, application/*+json]
2020-01-12 04:43:34.522 DEBUG 3288 --- [http-nio-8081-exec-5] o.s.w.s.m.m.a.HttpEntityMethodProcessor  : Writing [[Explainer(name=Nikos Perris, degree=Degree(name=Enfermagem), availabilities=[Availability(start=15: (truncated)...]
2020-01-12 04:43:34.526 DEBUG 3288 --- [http-nio-8081-exec-5] o.s.web.servlet.DispatcherServlet        : Completed 200 OK
2020-01-12 04:43:40.067 DEBUG 3288 --- [http-nio-8081-exec-6] o.s.web.servlet.DispatcherServlet        : GET "/explainer?start=16:00", parameters={masked}
2020-01-12 04:43:40.069 DEBUG 3288 --- [http-nio-8081-exec-6] s.w.s.m.m.a.RequestMappingHandlerMapping : Mapped to public org.springframework.http.ResponseEntity<java.lang.Iterable<edu.ufp.nk.ws1.models.Explainer>> edu.ufp.nk.ws1.controllers.ExplainerController.searchExplainers(java.util.Map<java.lang.String, java.lang.String>)
2020-01-12 04:43:40.075 DEBUG 3288 --- [http-nio-8081-exec-6] o.s.w.s.m.m.a.HttpEntityMethodProcessor  : Using 'application/json', given [*/*] and supported [application/json, application/*+json, application/json, application/*+json]
2020-01-12 04:43:40.075 DEBUG 3288 --- [http-nio-8081-exec-6] o.s.w.s.m.m.a.HttpEntityMethodProcessor  : Writing [[Explainer(name=Nikos Perris, degree=Degree(name=Enfermagem), availabilities=[Availability(start=15: (truncated)...]
2020-01-12 04:43:40.078 DEBUG 3288 --- [http-nio-8081-exec-6] o.s.web.servlet.DispatcherServlet        : Completed 200 OK
2020-01-12 04:43:49.659 DEBUG 3288 --- [http-nio-8081-exec-7] o.s.web.servlet.DispatcherServlet        : GET "/explainer?end=17:00", parameters={masked}
2020-01-12 04:43:49.660 DEBUG 3288 --- [http-nio-8081-exec-7] s.w.s.m.m.a.RequestMappingHandlerMapping : Mapped to public org.springframework.http.ResponseEntity<java.lang.Iterable<edu.ufp.nk.ws1.models.Explainer>> edu.ufp.nk.ws1.controllers.ExplainerController.searchExplainers(java.util.Map<java.lang.String, java.lang.String>)
2020-01-12 04:43:49.664 DEBUG 3288 --- [http-nio-8081-exec-7] o.s.w.s.m.m.a.HttpEntityMethodProcessor  : Using 'application/json', given [*/*] and supported [application/json, application/*+json, application/json, application/*+json]
2020-01-12 04:43:49.666 DEBUG 3288 --- [http-nio-8081-exec-7] o.s.w.s.m.m.a.HttpEntityMethodProcessor  : Writing [[Explainer(name=Nikos Perris, degree=Degree(name=Enfermagem), availabilities=[Availability(start=15: (truncated)...]
2020-01-12 04:43:49.668 DEBUG 3288 --- [http-nio-8081-exec-7] o.s.web.servlet.DispatcherServlet        : Completed 200 OK
2020-01-12 04:43:54.387 DEBUG 3288 --- [http-nio-8081-exec-8] o.s.web.servlet.DispatcherServlet        : GET "/explainer", parameters={}
2020-01-12 04:43:54.388 DEBUG 3288 --- [http-nio-8081-exec-8] s.w.s.m.m.a.RequestMappingHandlerMapping : Mapped to public org.springframework.http.ResponseEntity<java.lang.Iterable<edu.ufp.nk.ws1.models.Explainer>> edu.ufp.nk.ws1.controllers.ExplainerController.searchExplainers(java.util.Map<java.lang.String, java.lang.String>)
2020-01-12 04:43:54.399 DEBUG 3288 --- [http-nio-8081-exec-8] o.s.w.s.m.m.a.HttpEntityMethodProcessor  : Using 'application/json', given [*/*] and supported [application/json, application/*+json, application/json, application/*+json]
2020-01-12 04:43:54.407 DEBUG 3288 --- [http-nio-8081-exec-8] o.s.w.s.m.m.a.HttpEntityMethodProcessor  : Writing [[Explainer(name=Nikos Perris, degree=Degree(name=Enfermagem), availabilities=[Availability(start=15: (truncated)...]
2020-01-12 04:43:54.411 DEBUG 3288 --- [http-nio-8081-exec-8] o.s.web.servlet.DispatcherServlet        : Completed 200 OK
2020-01-12 04:44:03.178 DEBUG 3288 --- [http-nio-8081-exec-9] o.s.web.servlet.DispatcherServlet        : GET "/explainer?start=17:31", parameters={masked}
2020-01-12 04:44:03.180 DEBUG 3288 --- [http-nio-8081-exec-9] s.w.s.m.m.a.RequestMappingHandlerMapping : Mapped to public org.springframework.http.ResponseEntity<java.lang.Iterable<edu.ufp.nk.ws1.models.Explainer>> edu.ufp.nk.ws1.controllers.ExplainerController.searchExplainers(java.util.Map<java.lang.String, java.lang.String>)
2020-01-12 04:44:03.185 DEBUG 3288 --- [http-nio-8081-exec-9] o.s.w.s.m.m.a.HttpEntityMethodProcessor  : Using 'application/json', given [*/*] and supported [application/json, application/*+json, application/json, application/*+json]
2020-01-12 04:44:03.186 DEBUG 3288 --- [http-nio-8081-exec-9] o.s.w.s.m.m.a.HttpEntityMethodProcessor  : Writing [[]]
2020-01-12 04:44:03.192 DEBUG 3288 --- [http-nio-8081-exec-9] o.s.web.servlet.DispatcherServlet        : Completed 200 OK
2020-01-12 04:44:10.183 DEBUG 3288 --- [http-nio-8081-exec-10] o.s.web.servlet.DispatcherServlet        : GET "/explainer?start=17:30", parameters={masked}
2020-01-12 04:44:10.184 DEBUG 3288 --- [http-nio-8081-exec-10] s.w.s.m.m.a.RequestMappingHandlerMapping : Mapped to public org.springframework.http.ResponseEntity<java.lang.Iterable<edu.ufp.nk.ws1.models.Explainer>> edu.ufp.nk.ws1.controllers.ExplainerController.searchExplainers(java.util.Map<java.lang.String, java.lang.String>)
2020-01-12 04:44:10.194 DEBUG 3288 --- [http-nio-8081-exec-10] o.s.w.s.m.m.a.HttpEntityMethodProcessor  : Using 'application/json', given [*/*] and supported [application/json, application/*+json, application/json, application/*+json]
2020-01-12 04:44:10.194 DEBUG 3288 --- [http-nio-8081-exec-10] o.s.w.s.m.m.a.HttpEntityMethodProcessor  : Writing [[]]
2020-01-12 04:44:10.196 DEBUG 3288 --- [http-nio-8081-exec-10] o.s.web.servlet.DispatcherServlet        : Completed 200 OK
2020-01-12 04:44:16.944 DEBUG 3288 --- [http-nio-8081-exec-1] o.s.web.servlet.DispatcherServlet        : GET "/explainer?start=17:00", parameters={masked}
2020-01-12 04:44:16.945 DEBUG 3288 --- [http-nio-8081-exec-1] s.w.s.m.m.a.RequestMappingHandlerMapping : Mapped to public org.springframework.http.ResponseEntity<java.lang.Iterable<edu.ufp.nk.ws1.models.Explainer>> edu.ufp.nk.ws1.controllers.ExplainerController.searchExplainers(java.util.Map<java.lang.String, java.lang.String>)
2020-01-12 04:44:16.951 DEBUG 3288 --- [http-nio-8081-exec-1] o.s.w.s.m.m.a.HttpEntityMethodProcessor  : Using 'application/json', given [*/*] and supported [application/json, application/*+json, application/json, application/*+json]
2020-01-12 04:44:16.951 DEBUG 3288 --- [http-nio-8081-exec-1] o.s.w.s.m.m.a.HttpEntityMethodProcessor  : Writing [[Explainer(name=Nikos Perris, degree=Degree(name=Enfermagem), availabilities=[Availability(start=15: (truncated)...]
2020-01-12 04:44:16.952 DEBUG 3288 --- [http-nio-8081-exec-1] o.s.web.servlet.DispatcherServlet        : Completed 200 OK
2020-01-12 04:44:24.079 DEBUG 3288 --- [http-nio-8081-exec-2] o.s.web.servlet.DispatcherServlet        : GET "/explainer?start=17:00&end=17:05", parameters={masked}
2020-01-12 04:44:24.079 DEBUG 3288 --- [http-nio-8081-exec-2] s.w.s.m.m.a.RequestMappingHandlerMapping : Mapped to public org.springframework.http.ResponseEntity<java.lang.Iterable<edu.ufp.nk.ws1.models.Explainer>> edu.ufp.nk.ws1.controllers.ExplainerController.searchExplainers(java.util.Map<java.lang.String, java.lang.String>)
2020-01-12 04:44:24.085 DEBUG 3288 --- [http-nio-8081-exec-2] o.s.w.s.m.m.a.HttpEntityMethodProcessor  : Using 'application/json', given [*/*] and supported [application/json, application/*+json, application/json, application/*+json]
2020-01-12 04:44:24.095 DEBUG 3288 --- [http-nio-8081-exec-2] o.s.w.s.m.m.a.HttpEntityMethodProcessor  : Writing [[Explainer(name=Nikos Perris, degree=Degree(name=Enfermagem), availabilities=[Availability(start=15: (truncated)...]
2020-01-12 04:44:24.102 DEBUG 3288 --- [http-nio-8081-exec-2] o.s.web.servlet.DispatcherServlet        : Completed 200 OK
2020-01-12 04:44:33.089  WARN 3288 --- [Thread-8] o.s.b.f.support.DisposableBeanAdapter    : Invocation of destroy method failed on bean with name 'inMemoryDatabaseShutdownExecutor': org.h2.jdbc.JdbcSQLNonTransientConnectionException: Database is already closed (to disable automatic closing at VM shutdown, add ";DB_CLOSE_ON_EXIT=FALSE" to the db URL) [90121-199]
